0 info it worked if it ends with ok
1 verbose cli [ '/usr/local/bin/node',
1 verbose cli   '/usr/local/bin/npm',
1 verbose cli   'install',
1 verbose cli   'fitbit-node' ]
2 info using npm@2.14.7
3 info using node@v4.2.2
4 verbose install initial load of /Users/tylershultz/Desktop/SensiMetrics/package.json
5 warn package.json basicwebpage@1.0.0 No repository field.
6 verbose installManyTop reading scoped package data from /Users/tylershultz/Desktop/SensiMetrics/node_modules/aws-sdk/package.json
7 verbose installManyTop reading scoped package data from /Users/tylershultz/Desktop/SensiMetrics/node_modules/body-parser/package.json
8 verbose installManyTop reading scoped package data from /Users/tylershultz/Desktop/SensiMetrics/node_modules/connect-multiparty/package.json
9 verbose installManyTop reading scoped package data from /Users/tylershultz/Desktop/SensiMetrics/node_modules/cookie-parser/package.json
10 verbose installManyTop reading scoped package data from /Users/tylershultz/Desktop/SensiMetrics/node_modules/ejs/package.json
11 verbose installManyTop reading scoped package data from /Users/tylershultz/Desktop/SensiMetrics/node_modules/express/package.json
12 verbose installManyTop reading scoped package data from /Users/tylershultz/Desktop/SensiMetrics/node_modules/express-session/package.json
13 verbose installManyTop reading scoped package data from /Users/tylershultz/Desktop/SensiMetrics/node_modules/fitbit-node/package.json
14 verbose installManyTop reading scoped package data from /Users/tylershultz/Desktop/SensiMetrics/node_modules/fs/package.json
15 verbose installManyTop reading scoped package data from /Users/tylershultz/Desktop/SensiMetrics/node_modules/gridfs-stream/package.json
16 verbose installManyTop reading scoped package data from /Users/tylershultz/Desktop/SensiMetrics/node_modules/mongoose/package.json
17 verbose installManyTop reading scoped package data from /Users/tylershultz/Desktop/SensiMetrics/node_modules/mongoose-file/package.json
18 verbose installManyTop reading scoped package data from /Users/tylershultz/Desktop/SensiMetrics/node_modules/multer/package.json
19 verbose installManyTop reading scoped package data from /Users/tylershultz/Desktop/SensiMetrics/node_modules/multer-s3/package.json
20 verbose installManyTop reading scoped package data from /Users/tylershultz/Desktop/SensiMetrics/node_modules/nodemon/package.json
21 verbose installManyTop reading scoped package data from /Users/tylershultz/Desktop/SensiMetrics/node_modules/s3fs/package.json
22 verbose installManyTop reading scoped package data from /Users/tylershultz/Desktop/SensiMetrics/node_modules/save/package.json
23 verbose installManyTop reading scoped package data from /Users/tylershultz/Desktop/SensiMetrics/node_modules/swig/package.json
24 info package.json fs@0.0.2 fs is also the name of a node core module.
25 info package.json fs@0.0.2 No description
26 info package.json fs@0.0.2 No repository field.
27 info package.json fs@0.0.2 No README data
28 info package.json mongoose-file@0.0.2 No license field.
29 info package.json gridfs-stream@1.1.1 No license field.
30 info package.json save@2.1.1 No license field.
31 verbose readDependencies loading dependencies from /Users/tylershultz/Desktop/SensiMetrics/package.json
32 silly cache add args [ 'fitbit-node', null ]
33 verbose cache add spec fitbit-node
34 silly cache add parsed spec Result {
34 silly cache add   raw: 'fitbit-node',
34 silly cache add   scope: null,
34 silly cache add   name: 'fitbit-node',
34 silly cache add   rawSpec: '',
34 silly cache add   spec: '*',
34 silly cache add   type: 'range' }
35 silly addNamed fitbit-node@*
36 verbose addNamed "*" is a valid semver range for fitbit-node
37 silly addNameRange { name: 'fitbit-node', range: '*', hasData: false }
38 silly mapToRegistry name fitbit-node
39 silly mapToRegistry using default registry
40 silly mapToRegistry registry https://registry.npmjs.org/
41 silly mapToRegistry uri https://registry.npmjs.org/fitbit-node
42 verbose addNameRange registry:https://registry.npmjs.org/fitbit-node not in flight; fetching
43 verbose request uri https://registry.npmjs.org/fitbit-node
44 verbose request no auth needed
45 info attempt registry request try #1 at 3:51:20 PM
46 verbose request id 1e5d9db8e7ca58fe
47 verbose etag W/"592303af-42af"
48 verbose lastModified Mon, 22 May 2017 15:28:47 GMT
49 http request GET https://registry.npmjs.org/fitbit-node
50 http 304 https://registry.npmjs.org/fitbit-node
51 verbose headers { date: 'Wed, 29 Nov 2017 23:51:20 GMT',
51 verbose headers   via: '1.1 varnish',
51 verbose headers   'cache-control': 'max-age=300',
51 verbose headers   etag: 'W/"592303af-42af"',
51 verbose headers   age: '189',
51 verbose headers   connection: 'keep-alive',
51 verbose headers   'x-served-by': 'cache-sjc3636-SJC',
51 verbose headers   'x-cache': 'HIT',
51 verbose headers   'x-cache-hits': '1',
51 verbose headers   'x-timer': 'S1511999481.737172,VS0,VE0',
51 verbose headers   vary: 'Accept-Encoding, Accept' }
52 silly get cb [ 304,
52 silly get   { date: 'Wed, 29 Nov 2017 23:51:20 GMT',
52 silly get     via: '1.1 varnish',
52 silly get     'cache-control': 'max-age=300',
52 silly get     etag: 'W/"592303af-42af"',
52 silly get     age: '189',
52 silly get     connection: 'keep-alive',
52 silly get     'x-served-by': 'cache-sjc3636-SJC',
52 silly get     'x-cache': 'HIT',
52 silly get     'x-cache-hits': '1',
52 silly get     'x-timer': 'S1511999481.737172,VS0,VE0',
52 silly get     vary: 'Accept-Encoding, Accept' } ]
53 verbose etag https://registry.npmjs.org/fitbit-node from cache
54 verbose get saving fitbit-node to /Users/tylershultz/.npm/registry.npmjs.org/fitbit-node/.cache.json
55 silly addNameRange number 2 { name: 'fitbit-node', range: '*', hasData: true }
56 silly addNameRange versions [ 'fitbit-node',
56 silly addNameRange   [ '0.0.1',
56 silly addNameRange     '0.0.2',
56 silly addNameRange     '0.0.3',
56 silly addNameRange     '0.1.0',
56 silly addNameRange     '1.0.0',
56 silly addNameRange     '2.0.0',
56 silly addNameRange     '2.0.1',
56 silly addNameRange     '2.0.2',
56 silly addNameRange     '2.0.3',
56 silly addNameRange     '2.0.4',
56 silly addNameRange     '2.0.5' ] ]
57 silly addNamed fitbit-node@2.0.5
58 verbose addNamed "2.0.5" is a plain semver version for fitbit-node
59 silly cache afterAdd fitbit-node@2.0.5
60 verbose afterAdd /Users/tylershultz/.npm/fitbit-node/2.0.5/package/package.json not in flight; writing
61 verbose afterAdd /Users/tylershultz/.npm/fitbit-node/2.0.5/package/package.json written
62 silly install resolved [ { name: 'fitbit-node',
62 silly install resolved     version: '2.0.5',
62 silly install resolved     description: 'An API client library for Fitbit written in Node.js.',
62 silly install resolved     main: 'fitbit-api-client.js',
62 silly install resolved     scripts: { test: 'echo "Error: no test specified" && exit 1' },
62 silly install resolved     repository:
62 silly install resolved      { type: 'git',
62 silly install resolved        url: 'git+https://github.com/lukasolson/fitbit-node.git' },
62 silly install resolved     keywords: [ 'Fitbit', 'Node' ],
62 silly install resolved     author: { name: 'Lukas Olson', email: 'olson.lukas@gmail.com' },
62 silly install resolved     license: 'ISC',
62 silly install resolved     bugs: { url: 'https://github.com/lukasolson/fitbit-node/issues' },
62 silly install resolved     dependencies: { 'simple-oauth2': '^0.8.0', q: '^1.4.1', request: '^2.76.0' },
62 silly install resolved     devDependencies: { express: '^4.14.0' },
62 silly install resolved     gitHead: '179b84caf9771776764141363c1c6f9eccf2b078',
62 silly install resolved     homepage: 'https://github.com/lukasolson/fitbit-node#readme',
62 silly install resolved     _id: 'fitbit-node@2.0.5',
62 silly install resolved     _shasum: '62704a5597f153d55248b7d742fd96581f591f7a',
62 silly install resolved     _from: 'fitbit-node@*',
62 silly install resolved     _npmVersion: '3.10.8',
62 silly install resolved     _nodeVersion: '6.9.1',
62 silly install resolved     _npmUser: { name: 'mbmccormick', email: 'matt@mbmccormick.com' },
62 silly install resolved     dist:
62 silly install resolved      { shasum: '62704a5597f153d55248b7d742fd96581f591f7a',
62 silly install resolved        tarball: 'https://registry.npmjs.org/fitbit-node/-/fitbit-node-2.0.5.tgz' },
62 silly install resolved     maintainers: [ [Object], [Object] ],
62 silly install resolved     _npmOperationalInternal:
62 silly install resolved      { host: 'packages-12-west.internal.npmjs.com',
62 silly install resolved        tmp: 'tmp/fitbit-node-2.0.5.tgz_1481336743238_0.9935133496765047' },
62 silly install resolved     directories: {},
62 silly install resolved     _resolved: 'https://registry.npmjs.org/fitbit-node/-/fitbit-node-2.0.5.tgz',
62 silly install resolved     readme: 'ERROR: No README data found!' } ]
63 info install fitbit-node@2.0.5 into /Users/tylershultz/Desktop/SensiMetrics
64 info installOne fitbit-node@2.0.5
65 verbose installOne of fitbit-node to /Users/tylershultz/Desktop/SensiMetrics not in flight; installing
66 verbose lock using /Users/tylershultz/.npm/_locks/fitbit-node-7628ca993211a23d.lock for /Users/tylershultz/Desktop/SensiMetrics/node_modules/fitbit-node
67 silly install write writing fitbit-node 2.0.5 to /Users/tylershultz/Desktop/SensiMetrics/node_modules/fitbit-node
68 verbose unbuild node_modules/fitbit-node
69 silly gentlyRm /Users/tylershultz/Desktop/SensiMetrics/node_modules/fitbit-node is being purged from base /Users/tylershultz/Desktop/SensiMetrics
70 verbose gentlyRm don't care about contents; nuking /Users/tylershultz/Desktop/SensiMetrics/node_modules/fitbit-node
71 silly vacuum-fs purging /Users/tylershultz/Desktop/SensiMetrics/node_modules/fitbit-node
72 verbose unlock done using /Users/tylershultz/.npm/_locks/fitbit-node-7628ca993211a23d.lock for /Users/tylershultz/Desktop/SensiMetrics/node_modules/fitbit-node
73 verbose stack Error: EACCES: permission denied, unlink '/Users/tylershultz/Desktop/SensiMetrics/node_modules/fitbit-node/node_modules/request/node_modules/.bin/uuid'
73 verbose stack     at Error (native)
74 verbose cwd /Users/tylershultz/Desktop/SensiMetrics
75 error Darwin 16.7.0
76 error argv "/usr/local/bin/node" "/usr/local/bin/npm" "install" "fitbit-node"
77 error node v4.2.2
78 error npm  v2.14.7
79 error path /Users/tylershultz/Desktop/SensiMetrics/node_modules/fitbit-node/node_modules/request/node_modules/.bin/uuid
80 error code EACCES
81 error errno -13
82 error syscall unlink
83 error Error: EACCES: permission denied, unlink '/Users/tylershultz/Desktop/SensiMetrics/node_modules/fitbit-node/node_modules/request/node_modules/.bin/uuid'
83 error     at Error (native)
83 error  { [Error: EACCES: permission denied, unlink '/Users/tylershultz/Desktop/SensiMetrics/node_modules/fitbit-node/node_modules/request/node_modules/.bin/uuid']
83 error   errno: -13,
83 error   code: 'EACCES',
83 error   syscall: 'unlink',
83 error   path: '/Users/tylershultz/Desktop/SensiMetrics/node_modules/fitbit-node/node_modules/request/node_modules/.bin/uuid' }
84 error Please try running this command again as root/Administrator.
85 verbose exit [ -13, true ]
86 verbose unbuild node_modules/fitbit-node
87 silly gentlyRm /Users/tylershultz/Desktop/SensiMetrics/node_modules/fitbit-node is being purged from base /Users/tylershultz/Desktop/SensiMetrics
88 verbose gentlyRm don't care about contents; nuking /Users/tylershultz/Desktop/SensiMetrics/node_modules/fitbit-node
89 silly vacuum-fs purging /Users/tylershultz/Desktop/SensiMetrics/node_modules/fitbit-node
90 error error rolling back Error: EACCES: permission denied, unlink '/Users/tylershultz/Desktop/SensiMetrics/node_modules/fitbit-node/node_modules/request/node_modules/.bin/uuid'
90 error error rolling back     at Error (native)
90 error error rolling back  { [Error: EACCES: permission denied, unlink '/Users/tylershultz/Desktop/SensiMetrics/node_modules/fitbit-node/node_modules/request/node_modules/.bin/uuid']
90 error error rolling back   errno: -13,
90 error error rolling back   code: 'EACCES',
90 error error rolling back   syscall: 'unlink',
90 error error rolling back   path: '/Users/tylershultz/Desktop/SensiMetrics/node_modules/fitbit-node/node_modules/request/node_modules/.bin/uuid' }
